<?xml version="1.0" encoding="UTF-8"?>
<!-- Generated by org.testng.reporters.JUnitReportReporter -->
<testsuite skipped="0" hostname="DESKTOP-0S344VJ" name="test.Logintest" tests="1" failures="0" timestamp="2022-03-28T23:40:58 EDT" time="6.227" errors="0">
  <testcase name="usershouldbeabletologin" time="6.227" classname="test.Logintest"/>
  <system-out/>
</testsuite> <!-- test.Logintest -->
